{"uid":"2316441dbf0b7ed0","name":"elementsTextboxPositiveTest","fullName":"ElementsHelenTest.elementsTextboxPositiveTest","historyId":"b157e862e4ef83bb75d48ab0c45a7df4","time":{"start":1713956360487,"stop":1713956360501,"duration":14},"description":"Elements_textbox testing","descriptionHtml":"<p>Elements_textbox testing</p>\n","status":"broken","statusMessage":"Error {\n  message='net::ERR_ABORTED at https://demoqa.com/text-box\n  name='Error\n  stack='Error: net::ERR_ABORTED at https://demoqa.com/text-box\n    at FrameSession._navigate (/tmp/playwright-java-8085782309129543993/package/lib/server/chromium/crPage.js:512:35)\n    at runNextTicks (node:internal/process/task_queues:60:5)\n    at process.processImmediate (node:internal/timers:449:9)\n    at async Frame._gotoAction (/tmp/playwright-java-8085782309129543993/package/lib/server/frames.js:534:28)\n}\nCall log:\n- navigating to \"https://demoqa.com/text-box\", waiting until \"load\"\n","statusTrace":"com.microsoft.playwright.PlaywrightException: Error {\n  message='net::ERR_ABORTED at https://demoqa.com/text-box\n  name='Error\n  stack='Error: net::ERR_ABORTED at https://demoqa.com/text-box\n    at FrameSession._navigate (/tmp/playwright-java-8085782309129543993/package/lib/server/chromium/crPage.js:512:35)\n    at runNextTicks (node:internal/process/task_queues:60:5)\n    at process.processImmediate (node:internal/timers:449:9)\n    at async Frame._gotoAction (/tmp/playwright-java-8085782309129543993/package/lib/server/frames.js:534:28)\n}\nCall log:\n- navigating to \"https://demoqa.com/text-box\", waiting until \"load\"\n\n\tat com.microsoft.playwright.impl.WaitableResult.get(WaitableResult.java:54)\n\tat com.microsoft.playwright.impl.ChannelOwner.runUntil(ChannelOwner.java:120)\n\tat com.microsoft.playwright.impl.Connection.sendMessage(Connection.java:130)\n\tat com.microsoft.playwright.impl.ChannelOwner.sendMessage(ChannelOwner.java:106)\n\tat com.microsoft.playwright.impl.FrameImpl.navigateImpl(FrameImpl.java:463)\n\tat com.microsoft.playwright.impl.PageImpl.lambda$navigate$46(PageImpl.java:870)\n\tat com.microsoft.playwright.impl.LoggingSupport.withLogging(LoggingSupport.java:47)\n\tat com.microsoft.playwright.impl.ChannelOwner.withLogging(ChannelOwner.java:89)\n\tat com.microsoft.playwright.impl.PageImpl.navigate(PageImpl.java:870)\n\tat com.microsoft.playwright.impl.PageImpl.navigate(PageImpl.java:42)\n\tat com.microsoft.playwright.Page.navigate(Page.java:5354)\n\tat ElementsHelenTest.elementsTextboxPositiveTest(ElementsHelenTest.java:15)\n\tat java.base/jdk.internal.reflect.NativeMethodAccessorImpl.invoke0(Native Method)\n\tat java.base/jdk.internal.reflect.NativeMethodAccessorImpl.invoke(NativeMethodAccessorImpl.java:77)\n\tat java.base/jdk.internal.reflect.DelegatingMethodAccessorImpl.invoke(DelegatingMethodAccessorImpl.java:43)\n\tat java.base/java.lang.reflect.Method.invoke(Method.java:568)\n\tat org.testng.internal.invokers.MethodInvocationHelper.invokeMethod(MethodInvocationHelper.java:141)\n\tat org.testng.internal.invokers.TestInvoker.invokeMethod(TestInvoker.java:686)\n\tat org.testng.internal.invokers.TestInvoker.invokeTestMethod(TestInvoker.java:230)\n\tat org.testng.internal.invokers.MethodRunner.runInSequence(MethodRunner.java:63)\n\tat org.testng.internal.invokers.TestInvoker$MethodInvocationAgent.invoke(TestInvoker.java:992)\n\tat org.testng.internal.invokers.TestInvoker.invokeTestMethods(TestInvoker.java:203)\n\tat org.testng.internal.invokers.TestMethodWorker.invokeTestMethods(TestMethodWorker.java:154)\n\tat org.testng.internal.invokers.TestMethodWorker.run(TestMethodWorker.java:134)\n\tat java.base/java.util.concurrent.Executors$RunnableAdapter.call(Executors.java:539)\n\tat java.base/java.util.concurrent.FutureTask.run(FutureTask.java:264)\n\tat org.testng.internal.thread.graph.TestNGFutureTask.run(TestNGFutureTask.java:22)\n\tat java.base/java.util.concurrent.ThreadPoolExecutor.runWorker(ThreadPoolExecutor.java:1136)\n\tat java.base/java.util.concurrent.ThreadPoolExecutor$Worker.run(ThreadPoolExecutor.java:635)\n\tat java.base/java.lang.Thread.run(Thread.java:840)\nCaused by: com.microsoft.playwright.impl.DriverException: Error {\n  message='net::ERR_ABORTED at https://demoqa.com/text-box\n  name='Error\n  stack='Error: net::ERR_ABORTED at https://demoqa.com/text-box\n    at FrameSession._navigate (/tmp/playwright-java-8085782309129543993/package/lib/server/chromium/crPage.js:512:35)\n    at runNextTicks (node:internal/process/task_queues:60:5)\n    at process.processImmediate (node:internal/timers:449:9)\n    at async Frame._gotoAction (/tmp/playwright-java-8085782309129543993/package/lib/server/frames.js:534:28)\n}\nCall log:\n- navigating to \"https://demoqa.com/text-box\", waiting until \"load\"\n\n\tat com.microsoft.playwright.impl.Connection.dispatch(Connection.java:259)\n\tat com.microsoft.playwright.impl.Connection.processOneMessage(Connection.java:211)\n\tat com.microsoft.playwright.impl.ChannelOwner.runUntil(ChannelOwner.java:118)\n\t... 28 more\n","flaky":false,"newFailed":false,"newBroken":false,"newPassed":false,"retriesCount":0,"retriesStatusChange":false,"beforeStages":[{"name":"setUp","time":{"start":1713956360046,"stop":1713956360483,"duration":437},"description":"","status":"passed","steps":[],"attachments":[],"parameters":[],"shouldDisplayMessage":false,"stepsCount":0,"attachmentsCount":0,"hasContent":false,"attachmentStep":false}],"afterStages":[{"name":"attachFilesToFailedTest","time":{"start":1713956360503,"stop":1713956361067,"duration":564},"description":"","status":"passed","steps":[],"attachments":[{"uid":"f0f777b6a7512374","name":"2c7dc045-d1e7-49fa-bf46-9207a51535ff","source":"f0f777b6a7512374.png","type":"image/png","size":5563},{"uid":"87cde697bb2215ad","name":"source.html","source":"87cde697bb2215ad.txt","type":"text/html","size":6250},{"uid":"25e18746f3d5ab2b","name":"traceForPlayWright.zip","source":"25e18746f3d5ab2b.zip","type":"application/zip","size":38355},{"uid":"172d20682c6e284c","name":"Link","source":"172d20682c6e284c.txt","type":"text/plain","size":29}],"parameters":[],"shouldDisplayMessage":false,"stepsCount":0,"attachmentsCount":4,"hasContent":true,"attachmentStep":false},{"name":"tearDown","time":{"start":1713956368542,"stop":1713956368602,"duration":60},"description":"","status":"passed","steps":[],"attachments":[],"parameters":[],"shouldDisplayMessage":false,"stepsCount":0,"attachmentsCount":0,"hasContent":false,"attachmentStep":false},{"name":"addLog","time":{"start":1713956428666,"stop":1713956428667,"duration":1},"description":"","status":"passed","steps":[],"attachments":[{"uid":"88fae0f4b925e5b1","name":"itfriendly-test.log","source":"88fae0f4b925e5b1.html","type":"text/html","size":652}],"parameters":[],"shouldDisplayMessage":false,"stepsCount":0,"attachmentsCount":1,"hasContent":true,"attachmentStep":false}],"labels":[{"name":"package","value":"ElementsHelenTest"},{"name":"testClass","value":"ElementsHelenTest"},{"name":"testMethod","value":"elementsTextboxPositiveTest"},{"name":"parentSuite","value":"MyTestSuite"},{"name":"suite","value":"MyTest"},{"name":"subSuite","value":"ElementsHelenTest"},{"name":"host","value":"fv-az1498-820"},{"name":"thread","value":"2545@fv-az1498-820.TestNG-test-MyTest-1(21)"},{"name":"framework","value":"testng"},{"name":"language","value":"java"},{"name":"severity","value":"normal"},{"name":"resultFormat","value":"allure2"}],"parameters":[],"links":[],"hidden":false,"retry":false,"extra":{"severity":"normal","retries":[],"categories":[{"name":"Test defects","matchedStatuses":[],"flaky":false}],"tags":[]},"source":"2316441dbf0b7ed0.json","parameterValues":[]}