{"uid":"2eb943c93e2787ce","name":"newTabTest","fullName":"alertsFramesWindows.WindowsTest.newTabTest","historyId":"3d9ef93fc41c85d92e0ff4881520895b","time":{"start":1714405162508,"stop":1714405192553,"duration":30045},"status":"broken","statusMessage":"Can't get item from storage: uuid can't be null","statusTrace":"java.lang.NullPointerException: Can't get item from storage: uuid can't be null\n\tat java.base/java.util.Objects.requireNonNull(Objects.java:235)\n\tat io.qameta.allure.internal.AllureStorage.get(AllureStorage.java:60)\n\tat io.qameta.allure.internal.AllureStorage.getTestResult(AllureStorage.java:46)\n\tat io.qameta.allure.AllureLifecycle.updateTestCase(AllureLifecycle.java:392)\n\tat core.RetryAnalyzer.retry(RetryAnalyzer.java:22)\n\tat org.testng.internal.invokers.TestInvoker.shouldRetryTestMethod(TestInvoker.java:577)\n\tat org.testng.internal.invokers.TestInvoker.invokeMethod(TestInvoker.java:749)\n\tat org.testng.internal.invokers.TestInvoker.invokeTestMethod(TestInvoker.java:230)\n\tat org.testng.internal.invokers.MethodRunner.runInSequence(MethodRunner.java:63)\n\tat org.testng.internal.invokers.TestInvoker$MethodInvocationAgent.invoke(TestInvoker.java:992)\n\tat org.testng.internal.invokers.TestInvoker.invokeTestMethods(TestInvoker.java:203)\n\tat org.testng.internal.invokers.TestMethodWorker.invokeTestMethods(TestMethodWorker.java:154)\n\tat org.testng.internal.invokers.TestMethodWorker.run(TestMethodWorker.java:134)\n\tat java.base/java.util.ArrayList.forEach(ArrayList.java:1511)\n\tat org.testng.TestRunner.privateRun(TestRunner.java:739)\n\tat org.testng.TestRunner.run(TestRunner.java:614)\n\tat org.testng.SuiteRunner.runTest(SuiteRunner.java:421)\n\tat org.testng.SuiteRunner.runSequentially(SuiteRunner.java:413)\n\tat org.testng.SuiteRunner.privateRun(SuiteRunner.java:373)\n\tat org.testng.SuiteRunner.run(SuiteRunner.java:312)\n\tat org.testng.SuiteRunnerWorker.runSuite(SuiteRunnerWorker.java:52)\n\tat org.testng.SuiteRunnerWorker.run(SuiteRunnerWorker.java:95)\n\tat org.testng.TestNG.runSuitesSequentially(TestNG.java:1274)\n\tat org.testng.TestNG.runSuitesLocally(TestNG.java:1208)\n\tat org.testng.TestNG.runSuites(TestNG.java:1112)\n\tat org.testng.TestNG.run(TestNG.java:1079)\n\tat org.apache.maven.surefire.testng.TestNGExecutor.run(TestNGExecutor.java:155)\n\tat org.apache.maven.surefire.testng.TestNGDirectoryTestSuite.executeMulti(TestNGDirectoryTestSuite.java:169)\n\tat org.apache.maven.surefire.testng.TestNGDirectoryTestSuite.execute(TestNGDirectoryTestSuite.java:88)\n\tat org.apache.maven.surefire.testng.TestNGProvider.invoke(TestNGProvider.java:137)\n\tat org.apache.maven.surefire.booter.ForkedBooter.runSuitesInProcess(ForkedBooter.java:385)\n\tat org.apache.maven.surefire.booter.ForkedBooter.execute(ForkedBooter.java:162)\n\tat org.apache.maven.surefire.booter.ForkedBooter.run(ForkedBooter.java:507)\n\tat org.apache.maven.surefire.booter.ForkedBooter.main(ForkedBooter.java:495)\n","flaky":false,"newFailed":false,"newBroken":true,"newPassed":false,"retriesCount":0,"retriesStatusChange":false,"beforeStages":[{"name":"setUp","time":{"start":1714405162188,"stop":1714405162506,"duration":318},"description":"","status":"passed","steps":[],"attachments":[],"parameters":[],"shouldDisplayMessage":false,"stepsCount":0,"attachmentsCount":0,"hasContent":false,"attachmentStep":false}],"testStage":{"status":"broken","statusMessage":"Can't get item from storage: uuid can't be null","statusTrace":"java.lang.NullPointerException: Can't get item from storage: uuid can't be null\n\tat java.base/java.util.Objects.requireNonNull(Objects.java:235)\n\tat io.qameta.allure.internal.AllureStorage.get(AllureStorage.java:60)\n\tat io.qameta.allure.internal.AllureStorage.getTestResult(AllureStorage.java:46)\n\tat io.qameta.allure.AllureLifecycle.updateTestCase(AllureLifecycle.java:392)\n\tat core.RetryAnalyzer.retry(RetryAnalyzer.java:22)\n\tat org.testng.internal.invokers.TestInvoker.shouldRetryTestMethod(TestInvoker.java:577)\n\tat org.testng.internal.invokers.TestInvoker.invokeMethod(TestInvoker.java:749)\n\tat org.testng.internal.invokers.TestInvoker.invokeTestMethod(TestInvoker.java:230)\n\tat org.testng.internal.invokers.MethodRunner.runInSequence(MethodRunner.java:63)\n\tat org.testng.internal.invokers.TestInvoker$MethodInvocationAgent.invoke(TestInvoker.java:992)\n\tat org.testng.internal.invokers.TestInvoker.invokeTestMethods(TestInvoker.java:203)\n\tat org.testng.internal.invokers.TestMethodWorker.invokeTestMethods(TestMethodWorker.java:154)\n\tat org.testng.internal.invokers.TestMethodWorker.run(TestMethodWorker.java:134)\n\tat java.base/java.util.ArrayList.forEach(ArrayList.java:1511)\n\tat org.testng.TestRunner.privateRun(TestRunner.java:739)\n\tat org.testng.TestRunner.run(TestRunner.java:614)\n\tat org.testng.SuiteRunner.runTest(SuiteRunner.java:421)\n\tat org.testng.SuiteRunner.runSequentially(SuiteRunner.java:413)\n\tat org.testng.SuiteRunner.privateRun(SuiteRunner.java:373)\n\tat org.testng.SuiteRunner.run(SuiteRunner.java:312)\n\tat org.testng.SuiteRunnerWorker.runSuite(SuiteRunnerWorker.java:52)\n\tat org.testng.SuiteRunnerWorker.run(SuiteRunnerWorker.java:95)\n\tat org.testng.TestNG.runSuitesSequentially(TestNG.java:1274)\n\tat org.testng.TestNG.runSuitesLocally(TestNG.java:1208)\n\tat org.testng.TestNG.runSuites(TestNG.java:1112)\n\tat org.testng.TestNG.run(TestNG.java:1079)\n\tat org.apache.maven.surefire.testng.TestNGExecutor.run(TestNGExecutor.java:155)\n\tat org.apache.maven.surefire.testng.TestNGDirectoryTestSuite.executeMulti(TestNGDirectoryTestSuite.java:169)\n\tat org.apache.maven.surefire.testng.TestNGDirectoryTestSuite.execute(TestNGDirectoryTestSuite.java:88)\n\tat org.apache.maven.surefire.testng.TestNGProvider.invoke(TestNGProvider.java:137)\n\tat org.apache.maven.surefire.booter.ForkedBooter.runSuitesInProcess(ForkedBooter.java:385)\n\tat org.apache.maven.surefire.booter.ForkedBooter.execute(ForkedBooter.java:162)\n\tat org.apache.maven.surefire.booter.ForkedBooter.run(ForkedBooter.java:507)\n\tat org.apache.maven.surefire.booter.ForkedBooter.main(ForkedBooter.java:495)\n","steps":[],"attachments":[{"uid":"7bd729ed4abeff9e","name":"Attach","source":"7bd729ed4abeff9e.txt","type":"text/plain","size":20}],"parameters":[],"shouldDisplayMessage":true,"stepsCount":0,"attachmentsCount":1,"hasContent":true,"attachmentStep":false},"afterStages":[{"name":"tearDown","time":{"start":1714405194993,"stop":1714405195055,"duration":62},"description":"","status":"passed","steps":[],"attachments":[],"parameters":[],"shouldDisplayMessage":false,"stepsCount":0,"attachmentsCount":0,"hasContent":false,"attachmentStep":false}],"labels":[{"name":"package","value":"alertsFramesWindows.WindowsTest"},{"name":"testClass","value":"alertsFramesWindows.WindowsTest"},{"name":"testMethod","value":"newTabTest"},{"name":"parentSuite","value":"Surefire suite"},{"name":"suite","value":"Surefire test"},{"name":"subSuite","value":"alertsFramesWindows.WindowsTest"},{"name":"host","value":"fv-az1381-810"},{"name":"thread","value":"4480@fv-az1381-810.main(1)"},{"name":"framework","value":"testng"},{"name":"language","value":"java"},{"name":"resultFormat","value":"allure2"}],"parameters":[],"links":[],"hidden":false,"retry":false,"extra":{"severity":"normal","retries":[],"categories":[{"name":"Test defects","matchedStatuses":[],"flaky":false}],"history":{"statistic":{"failed":0,"broken":2,"skipped":0,"passed":3,"unknown":0,"total":5},"items":[{"uid":"34165eb541aa9422","reportUrl":"https://ITFriendly.github.io/playwright_teach/65//#testresult/34165eb541aa9422","status":"passed","time":{"start":1714404222740,"stop":1714404224105,"duration":1365}},{"uid":"62bcdd77d1de74e1","reportUrl":"https://ITFriendly.github.io/playwright_teach/64//#testresult/62bcdd77d1de74e1","status":"passed","time":{"start":1714403454844,"stop":1714403464947,"duration":10103}},{"uid":"dedb51ac5769a734","reportUrl":"https://ITFriendly.github.io/playwright_teach/63//#testresult/dedb51ac5769a734","status":"passed","time":{"start":1714402638057,"stop":1714402639761,"duration":1704}},{"uid":"a30b11b73da64b72","reportUrl":"https://ITFriendly.github.io/playwright_teach/61//#testresult/a30b11b73da64b72","status":"broken","statusDetails":"Error {\n  message='Timeout 30000ms exceeded.\n  name='TimeoutError\n  stack='TimeoutError: Timeout 30000ms exceeded.\n    at ProgressController.run (/tmp/playwright-java-2932247039613402141/package/lib/server/progress.js:78:26)\n    at Frame.goto (/tmp/playwright-java-2932247039613402141/package/lib/server/frames.js:517:23)\n    at FrameDispatcher.goto (/tmp/playwright-java-2932247039613402141/package/lib/server/dispatchers/frameDispatcher.js:81:119)\n    at FrameDispatcher._handleCommand (/tmp/playwright-java-2932247039613402141/package/lib/server/dispatchers/dispatcher.js:94:40)\n    at DispatcherConnection.dispatch (/tmp/playwright-java-2932247039613402141/package/lib/server/dispatchers/dispatcher.js:365:39)\n}\nCall log:\n- navigating to \"https://demoqa.com/browser-windows\", waiting until \"load\"\n","time":{"start":1714399129578,"stop":1714399159619,"duration":30041}}]},"tags":[]},"source":"2eb943c93e2787ce.json","parameterValues":[]}