{"uid":"ce3a1fc6f16998cc","name":"addToBagTest","fullName":"OksanaTest.addToBagTest","historyId":"1502143ac0fc9f3f225acfe3e5c09f8c","time":{"start":1713957745655,"stop":1713957745682,"duration":27},"description":"Add product to the bag","descriptionHtml":"<p>Add product to the bag</p>\n","status":"broken","statusMessage":"Error {\n  message='net::ERR_ABORTED at https://www.saucedemo.com/\n  name='Error\n  stack='Error: net::ERR_ABORTED at https://www.saucedemo.com/\n    at FrameSession._navigate (/tmp/playwright-java-12742321557217367007/package/lib/server/chromium/crPage.js:512:35)\n    at runNextTicks (node:internal/process/task_queues:60:5)\n    at process.processImmediate (node:internal/timers:449:9)\n    at async Frame._gotoAction (/tmp/playwright-java-12742321557217367007/package/lib/server/frames.js:534:28)\n}\nCall log:\n- navigating to \"https://www.saucedemo.com/\", waiting until \"load\"\n","statusTrace":"com.microsoft.playwright.PlaywrightException: Error {\n  message='net::ERR_ABORTED at https://www.saucedemo.com/\n  name='Error\n  stack='Error: net::ERR_ABORTED at https://www.saucedemo.com/\n    at FrameSession._navigate (/tmp/playwright-java-12742321557217367007/package/lib/server/chromium/crPage.js:512:35)\n    at runNextTicks (node:internal/process/task_queues:60:5)\n    at process.processImmediate (node:internal/timers:449:9)\n    at async Frame._gotoAction (/tmp/playwright-java-12742321557217367007/package/lib/server/frames.js:534:28)\n}\nCall log:\n- navigating to \"https://www.saucedemo.com/\", waiting until \"load\"\n\n\tat com.microsoft.playwright.impl.WaitableResult.get(WaitableResult.java:54)\n\tat com.microsoft.playwright.impl.ChannelOwner.runUntil(ChannelOwner.java:120)\n\tat com.microsoft.playwright.impl.Connection.sendMessage(Connection.java:130)\n\tat com.microsoft.playwright.impl.ChannelOwner.sendMessage(ChannelOwner.java:106)\n\tat com.microsoft.playwright.impl.FrameImpl.navigateImpl(FrameImpl.java:463)\n\tat com.microsoft.playwright.impl.PageImpl.lambda$navigate$46(PageImpl.java:870)\n\tat com.microsoft.playwright.impl.LoggingSupport.withLogging(LoggingSupport.java:47)\n\tat com.microsoft.playwright.impl.ChannelOwner.withLogging(ChannelOwner.java:89)\n\tat com.microsoft.playwright.impl.PageImpl.navigate(PageImpl.java:870)\n\tat com.microsoft.playwright.impl.PageImpl.navigate(PageImpl.java:42)\n\tat com.microsoft.playwright.Page.navigate(Page.java:5354)\n\tat OksanaTest.openBrowser(OksanaTest.java:15)\n\tat OksanaTest.addToBagTest(OksanaTest.java:50)\n\tat java.base/jdk.internal.reflect.NativeMethodAccessorImpl.invoke0(Native Method)\n\tat java.base/jdk.internal.reflect.NativeMethodAccessorImpl.invoke(NativeMethodAccessorImpl.java:77)\n\tat java.base/jdk.internal.reflect.DelegatingMethodAccessorImpl.invoke(DelegatingMethodAccessorImpl.java:43)\n\tat java.base/java.lang.reflect.Method.invoke(Method.java:568)\n\tat org.testng.internal.invokers.MethodInvocationHelper.invokeMethod(MethodInvocationHelper.java:141)\n\tat org.testng.internal.invokers.TestInvoker.invokeMethod(TestInvoker.java:686)\n\tat org.testng.internal.invokers.TestInvoker.invokeTestMethod(TestInvoker.java:230)\n\tat org.testng.internal.invokers.MethodRunner.runInSequence(MethodRunner.java:63)\n\tat org.testng.internal.invokers.TestInvoker$MethodInvocationAgent.invoke(TestInvoker.java:992)\n\tat org.testng.internal.invokers.TestInvoker.invokeTestMethods(TestInvoker.java:203)\n\tat org.testng.internal.invokers.TestMethodWorker.invokeTestMethods(TestMethodWorker.java:154)\n\tat org.testng.internal.invokers.TestMethodWorker.run(TestMethodWorker.java:134)\n\tat java.base/java.util.concurrent.Executors$RunnableAdapter.call(Executors.java:539)\n\tat java.base/java.util.concurrent.FutureTask.run(FutureTask.java:264)\n\tat org.testng.internal.thread.graph.TestNGFutureTask.run(TestNGFutureTask.java:22)\n\tat java.base/java.util.concurrent.ThreadPoolExecutor.runWorker(ThreadPoolExecutor.java:1136)\n\tat java.base/java.util.concurrent.ThreadPoolExecutor$Worker.run(ThreadPoolExecutor.java:635)\n\tat java.base/java.lang.Thread.run(Thread.java:840)\nCaused by: com.microsoft.playwright.impl.DriverException: Error {\n  message='net::ERR_ABORTED at https://www.saucedemo.com/\n  name='Error\n  stack='Error: net::ERR_ABORTED at https://www.saucedemo.com/\n    at FrameSession._navigate (/tmp/playwright-java-12742321557217367007/package/lib/server/chromium/crPage.js:512:35)\n    at runNextTicks (node:internal/process/task_queues:60:5)\n    at process.processImmediate (node:internal/timers:449:9)\n    at async Frame._gotoAction (/tmp/playwright-java-12742321557217367007/package/lib/server/frames.js:534:28)\n}\nCall log:\n- navigating to \"https://www.saucedemo.com/\", waiting until \"load\"\n\n\tat com.microsoft.playwright.impl.Connection.dispatch(Connection.java:259)\n\tat com.microsoft.playwright.impl.Connection.processOneMessage(Connection.java:211)\n\tat com.microsoft.playwright.impl.ChannelOwner.runUntil(ChannelOwner.java:118)\n\t... 29 more\n","flaky":false,"newFailed":false,"newBroken":false,"newPassed":false,"retriesCount":0,"retriesStatusChange":false,"beforeStages":[{"name":"setUp","time":{"start":1713957730566,"stop":1713957745623,"duration":15057},"description":"","status":"passed","steps":[],"attachments":[],"parameters":[],"shouldDisplayMessage":false,"stepsCount":0,"attachmentsCount":0,"hasContent":false,"attachmentStep":false}],"afterStages":[{"name":"attachFilesToFailedTest","time":{"start":1713957745734,"stop":1713957745784,"duration":50},"description":"","status":"broken","statusMessage":"Object doesn't exist: response@1248fad94d823f2e378bfe7961d39c72","statusTrace":"com.microsoft.playwright.PlaywrightException: Object doesn't exist: response@1248fad94d823f2e378bfe7961d39c72\n\tat com.microsoft.playwright.impl.Connection.getExistingObject(Connection.java:192)\n\tat com.microsoft.playwright.impl.BrowserContextImpl.handleEvent(BrowserContextImpl.java:743)\n\tat com.microsoft.playwright.impl.Connection.dispatch(Connection.java:292)\n\tat com.microsoft.playwright.impl.Connection.processOneMessage(Connection.java:211)\n\tat com.microsoft.playwright.impl.ChannelOwner.runUntil(ChannelOwner.java:118)\n\tat com.microsoft.playwright.impl.Connection.sendMessage(Connection.java:130)\n\tat com.microsoft.playwright.impl.ChannelOwner.sendMessage(ChannelOwner.java:106)\n\tat com.microsoft.playwright.impl.PageImpl.screenshotImpl(PageImpl.java:1128)\n\tat com.microsoft.playwright.impl.PageImpl.lambda$screenshot$66(PageImpl.java:1072)\n\tat com.microsoft.playwright.impl.LoggingSupport.withLogging(LoggingSupport.java:47)\n\tat com.microsoft.playwright.impl.ChannelOwner.withLogging(ChannelOwner.java:89)\n\tat com.microsoft.playwright.impl.PageImpl.screenshot(PageImpl.java:1072)\n\tat core.BasePlayWrightTest.attachFilesToFailedTest(BasePlayWrightTest.java:79)\n\tat java.base/jdk.internal.reflect.NativeMethodAccessorImpl.invoke0(Native Method)\n\tat java.base/jdk.internal.reflect.NativeMethodAccessorImpl.invoke(NativeMethodAccessorImpl.java:77)\n\tat java.base/jdk.internal.reflect.DelegatingMethodAccessorImpl.invoke(DelegatingMethodAccessorImpl.java:43)\n\tat java.base/java.lang.reflect.Method.invoke(Method.java:568)\n\tat org.testng.internal.invokers.MethodInvocationHelper.invokeMethod(MethodInvocationHelper.java:141)\n\tat org.testng.internal.invokers.MethodInvocationHelper.invokeMethodConsideringTimeout(MethodInvocationHelper.java:71)\n\tat org.testng.internal.invokers.ConfigInvoker.invokeConfigurationMethod(ConfigInvoker.java:400)\n\tat org.testng.internal.invokers.ConfigInvoker.invokeConfigurations(ConfigInvoker.java:333)\n\tat org.testng.internal.invokers.TestInvoker.runConfigMethods(TestInvoker.java:833)\n\tat org.testng.internal.invokers.TestInvoker.runAfterConfigurations(TestInvoker.java:802)\n\tat org.testng.internal.invokers.TestInvoker.invokeMethod(TestInvoker.java:778)\n\tat org.testng.internal.invokers.TestInvoker.invokeTestMethod(TestInvoker.java:230)\n\tat org.testng.internal.invokers.MethodRunner.runInSequence(MethodRunner.java:63)\n\tat org.testng.internal.invokers.TestInvoker$MethodInvocationAgent.invoke(TestInvoker.java:992)\n\tat org.testng.internal.invokers.TestInvoker.invokeTestMethods(TestInvoker.java:203)\n\tat org.testng.internal.invokers.TestMethodWorker.invokeTestMethods(TestMethodWorker.java:154)\n\tat org.testng.internal.invokers.TestMethodWorker.run(TestMethodWorker.java:134)\n\tat java.base/java.util.concurrent.Executors$RunnableAdapter.call(Executors.java:539)\n\tat java.base/java.util.concurrent.FutureTask.run(FutureTask.java:264)\n\tat org.testng.internal.thread.graph.TestNGFutureTask.run(TestNGFutureTask.java:22)\n\tat java.base/java.util.concurrent.ThreadPoolExecutor.runWorker(ThreadPoolExecutor.java:1136)\n\tat java.base/java.util.concurrent.ThreadPoolExecutor$Worker.run(ThreadPoolExecutor.java:635)\n\tat java.base/java.lang.Thread.run(Thread.java:840)\n","steps":[],"attachments":[],"parameters":[],"shouldDisplayMessage":true,"stepsCount":0,"attachmentsCount":0,"hasContent":true,"attachmentStep":false},{"name":"tearDown","time":{"start":1713957746328,"stop":1713957746329,"duration":1},"description":"","status":"broken","steps":[],"attachments":[],"parameters":[],"shouldDisplayMessage":false,"stepsCount":0,"attachmentsCount":0,"hasContent":false,"attachmentStep":false},{"name":"addLog","time":{"start":1713957837847,"stop":1713957837847,"duration":0},"description":"","status":"passed","steps":[],"attachments":[{"uid":"e0cdeb81a30cde21","name":"itfriendly-test.log","source":"e0cdeb81a30cde21.html","type":"text/html","size":652}],"parameters":[],"shouldDisplayMessage":false,"stepsCount":0,"attachmentsCount":1,"hasContent":true,"attachmentStep":false}],"labels":[{"name":"package","value":"OksanaTest"},{"name":"testClass","value":"OksanaTest"},{"name":"testMethod","value":"addToBagTest"},{"name":"parentSuite","value":"MyTestSuite"},{"name":"suite","value":"MyTest"},{"name":"subSuite","value":"OksanaTest"},{"name":"host","value":"fv-az983-461"},{"name":"thread","value":"3736@fv-az983-461.TestNG-test-MyTest-1(21)"},{"name":"framework","value":"testng"},{"name":"language","value":"java"},{"name":"severity","value":"critical"},{"name":"resultFormat","value":"allure2"}],"parameters":[],"links":[],"hidden":false,"retry":false,"extra":{"severity":"critical","retries":[],"categories":[{"name":"Test defects","matchedStatuses":[],"flaky":false}],"tags":[]},"source":"ce3a1fc6f16998cc.json","parameterValues":[]}